INFO:root:
Selector: High Level Ordering of Strategies
| Sequence: Defensive Plan
| | Check: is_enemy_attacking
| | Action: defend_planets
| Sequence: Spread Strategy
| | Check: if_neutral_planet_available
| | Action: spread

DEBUG:root:Executing:Selector: High Level Ordering of Strategies
DEBUG:root:Executing:Sequence: Defensive Plan
DEBUG:root:Executing:Check: is_enemy_attacking
DEBUG:root:Result: Check: is_enemy_attacking -> Failure
DEBUG:root:Result: Sequence: Defensive Plan -> Failure
DEBUG:root:Executing:Sequence: Spread Strategy
DEBUG:root:Executing:Check: if_neutral_planet_available
DEBUG:root:Result: Check: if_neutral_planet_available -> Success
DEBUG:root:Executing:Action: spread
DEBUG:root:Order:1 15 11.0
DEBUG:root:Order:1 16 11.0
DEBUG:root:Order:1 21 19.0
DEBUG:root:Order:1 22 19.0
DEBUG:root:Order:1 11 20.0
DEBUG:root:Order:1 12 20.0
DEBUG:root:Bad order:1 0.0 28.0
DEBUG:root:Bad order:1 0.0 28.0
DEBUG:root:Bad order:1 0.0 28.0
DEBUG:root:Bad order:1 0.0 28.0
DEBUG:root:Bad order:1 0.0 40.0
DEBUG:root:Bad order:1 0.0 40.0
DEBUG:root:Bad order:1 0.0 50.0
DEBUG:root:Bad order:1 0.0 50.0
DEBUG:root:Bad order:1 0.0 50.0
DEBUG:root:Bad order:1 0.0 50.0
DEBUG:root:Bad order:1 0.0 50.0
DEBUG:root:Bad order:1 0.0 50.0
DEBUG:root:Bad order:1 0.0 50.0
DEBUG:root:Bad order:1 0.0 50.0
DEBUG:root:Bad order:1 0.0 50.0
DEBUG:root:Bad order:1 0.0 50.0
DEBUG:root:Result: Action: spread -> Success
DEBUG:root:Result: Sequence: Spread Strategy -> Success
DEBUG:root:Result: Selector: High Level Ordering of Strategies -> Success
DEBUG:root:Finish turn

DEBUG:root:Executing:Selector: High Level Ordering of Strategies
DEBUG:root:Executing:Sequence: Defensive Plan
DEBUG:root:Executing:Check: is_enemy_attacking
DEBUG:root:Result: Check: is_enemy_attacking -> Failure
DEBUG:root:Result: Sequence: Defensive Plan -> Failure
DEBUG:root:Executing:Sequence: Spread Strategy
DEBUG:root:Executing:Check: if_neutral_planet_available
DEBUG:root:Result: Check: if_neutral_planet_available -> Success
DEBUG:root:Executing:Action: spread
DEBUG:root:Result: Action: spread -> Failure
DEBUG:root:Result: Sequence: Spread Strategy -> Failure
DEBUG:root:Result: Selector: High Level Ordering of Strategies -> Failure
DEBUG:root:Finish turn

DEBUG:root:Executing:Selector: High Level Ordering of Strategies
DEBUG:root:Executing:Sequence: Defensive Plan
DEBUG:root:Executing:Check: is_enemy_attacking
DEBUG:root:Result: Check: is_enemy_attacking -> Success
DEBUG:root:Executing:Action: defend_planets
DEBUG:root:Result: Action: defend_planets -> Failure
DEBUG:root:Result: Sequence: Defensive Plan -> Failure
DEBUG:root:Executing:Sequence: Spread Strategy
DEBUG:root:Executing:Check: if_neutral_planet_available
DEBUG:root:Result: Check: if_neutral_planet_available -> Success
DEBUG:root:Executing:Action: spread
DEBUG:root:Result: Action: spread -> Failure
DEBUG:root:Result: Sequence: Spread Strategy -> Failure
DEBUG:root:Result: Selector: High Level Ordering of Strategies -> Failure
DEBUG:root:Finish turn

DEBUG:root:Executing:Selector: High Level Ordering of Strategies
DEBUG:root:Executing:Sequence: Defensive Plan
DEBUG:root:Executing:Check: is_enemy_attacking
DEBUG:root:Result: Check: is_enemy_attacking -> Success
DEBUG:root:Executing:Action: defend_planets
DEBUG:root:Result: Action: defend_planets -> Failure
DEBUG:root:Result: Sequence: Defensive Plan -> Failure
DEBUG:root:Executing:Sequence: Spread Strategy
DEBUG:root:Executing:Check: if_neutral_planet_available
DEBUG:root:Result: Check: if_neutral_planet_available -> Success
DEBUG:root:Executing:Action: spread
DEBUG:root:Result: Action: spread -> Failure
DEBUG:root:Result: Sequence: Spread Strategy -> Failure
DEBUG:root:Result: Selector: High Level Ordering of Strategies -> Failure
DEBUG:root:Finish turn

DEBUG:root:Executing:Selector: High Level Ordering of Strategies
DEBUG:root:Executing:Sequence: Defensive Plan
DEBUG:root:Executing:Check: is_enemy_attacking
DEBUG:root:Result: Check: is_enemy_attacking -> Success
DEBUG:root:Executing:Action: defend_planets
DEBUG:root:Result: Action: defend_planets -> Failure
DEBUG:root:Result: Sequence: Defensive Plan -> Failure
DEBUG:root:Executing:Sequence: Spread Strategy
DEBUG:root:Executing:Check: if_neutral_planet_available
DEBUG:root:Result: Check: if_neutral_planet_available -> Success
DEBUG:root:Executing:Action: spread
DEBUG:root:Result: Action: spread -> Failure
DEBUG:root:Result: Sequence: Spread Strategy -> Failure
DEBUG:root:Result: Selector: High Level Ordering of Strategies -> Failure
DEBUG:root:Finish turn

DEBUG:root:Executing:Selector: High Level Ordering of Strategies
DEBUG:root:Executing:Sequence: Defensive Plan
DEBUG:root:Executing:Check: is_enemy_attacking
DEBUG:root:Result: Check: is_enemy_attacking -> Success
DEBUG:root:Executing:Action: defend_planets
DEBUG:root:Result: Action: defend_planets -> Failure
DEBUG:root:Result: Sequence: Defensive Plan -> Failure
DEBUG:root:Executing:Sequence: Spread Strategy
DEBUG:root:Executing:Check: if_neutral_planet_available
DEBUG:root:Result: Check: if_neutral_planet_available -> Success
DEBUG:root:Executing:Action: spread
DEBUG:root:Order:1 15 11.0
DEBUG:root:Result: Action: spread -> Success
DEBUG:root:Result: Sequence: Spread Strategy -> Success
DEBUG:root:Result: Selector: High Level Ordering of Strategies -> Success
DEBUG:root:Finish turn

DEBUG:root:Executing:Selector: High Level Ordering of Strategies
DEBUG:root:Executing:Sequence: Defensive Plan
DEBUG:root:Executing:Check: is_enemy_attacking
DEBUG:root:Result: Check: is_enemy_attacking -> Success
DEBUG:root:Executing:Action: defend_planets
DEBUG:root:Result: Action: defend_planets -> Failure
DEBUG:root:Result: Sequence: Defensive Plan -> Failure
DEBUG:root:Executing:Sequence: Spread Strategy
DEBUG:root:Executing:Check: if_neutral_planet_available
DEBUG:root:Result: Check: if_neutral_planet_available -> Success
DEBUG:root:Executing:Action: spread
DEBUG:root:Result: Action: spread -> Failure
DEBUG:root:Result: Sequence: Spread Strategy -> Failure
DEBUG:root:Result: Selector: High Level Ordering of Strategies -> Failure
DEBUG:root:Finish turn

DEBUG:root:Executing:Selector: High Level Ordering of Strategies
DEBUG:root:Executing:Sequence: Defensive Plan
DEBUG:root:Executing:Check: is_enemy_attacking
DEBUG:root:Result: Check: is_enemy_attacking -> Success
DEBUG:root:Executing:Action: defend_planets
DEBUG:root:Result: Action: defend_planets -> Failure
DEBUG:root:Result: Sequence: Defensive Plan -> Failure
DEBUG:root:Executing:Sequence: Spread Strategy
DEBUG:root:Executing:Check: if_neutral_planet_available
DEBUG:root:Result: Check: if_neutral_planet_available -> Success
DEBUG:root:Executing:Action: spread
DEBUG:root:Order:1 16 11.0
DEBUG:root:Result: Action: spread -> Success
DEBUG:root:Result: Sequence: Spread Strategy -> Success
DEBUG:root:Result: Selector: High Level Ordering of Strategies -> Success
DEBUG:root:Finish turn

DEBUG:root:Executing:Selector: High Level Ordering of Strategies
DEBUG:root:Executing:Sequence: Defensive Plan
DEBUG:root:Executing:Check: is_enemy_attacking
DEBUG:root:Result: Check: is_enemy_attacking -> Success
DEBUG:root:Executing:Action: defend_planets
DEBUG:root:Result: Action: defend_planets -> Failure
DEBUG:root:Result: Sequence: Defensive Plan -> Failure
DEBUG:root:Executing:Sequence: Spread Strategy
DEBUG:root:Executing:Check: if_neutral_planet_available
DEBUG:root:Result: Check: if_neutral_planet_available -> Success
DEBUG:root:Executing:Action: spread
DEBUG:root:Result: Action: spread -> Failure
DEBUG:root:Result: Sequence: Spread Strategy -> Failure
DEBUG:root:Result: Selector: High Level Ordering of Strategies -> Failure
DEBUG:root:Finish turn

DEBUG:root:Executing:Selector: High Level Ordering of Strategies
DEBUG:root:Executing:Sequence: Defensive Plan
DEBUG:root:Executing:Check: is_enemy_attacking
DEBUG:root:Result: Check: is_enemy_attacking -> Success
DEBUG:root:Executing:Action: defend_planets
DEBUG:root:Result: Action: defend_planets -> Failure
DEBUG:root:Result: Sequence: Defensive Plan -> Failure
DEBUG:root:Executing:Sequence: Spread Strategy
DEBUG:root:Executing:Check: if_neutral_planet_available
DEBUG:root:Result: Check: if_neutral_planet_available -> Success
DEBUG:root:Executing:Action: spread
DEBUG:root:Order:1 16 11.0
DEBUG:root:Result: Action: spread -> Success
DEBUG:root:Result: Sequence: Spread Strategy -> Success
DEBUG:root:Result: Selector: High Level Ordering of Strategies -> Success
DEBUG:root:Finish turn

DEBUG:root:Executing:Selector: High Level Ordering of Strategies
DEBUG:root:Executing:Sequence: Defensive Plan
DEBUG:root:Executing:Check: is_enemy_attacking
DEBUG:root:Result: Check: is_enemy_attacking -> Success
DEBUG:root:Executing:Action: defend_planets
DEBUG:root:Result: Action: defend_planets -> Failure
DEBUG:root:Result: Sequence: Defensive Plan -> Failure
DEBUG:root:Executing:Sequence: Spread Strategy
DEBUG:root:Executing:Check: if_neutral_planet_available
DEBUG:root:Result: Check: if_neutral_planet_available -> Success
DEBUG:root:Executing:Action: spread
DEBUG:root:Result: Action: spread -> Failure
DEBUG:root:Result: Sequence: Spread Strategy -> Failure
DEBUG:root:Result: Selector: High Level Ordering of Strategies -> Failure
DEBUG:root:Finish turn

DEBUG:root:Executing:Selector: High Level Ordering of Strategies
DEBUG:root:Executing:Sequence: Defensive Plan
DEBUG:root:Executing:Check: is_enemy_attacking
DEBUG:root:Result: Check: is_enemy_attacking -> Success
DEBUG:root:Executing:Action: defend_planets
DEBUG:root:Result: Action: defend_planets -> Failure
DEBUG:root:Result: Sequence: Defensive Plan -> Failure
DEBUG:root:Executing:Sequence: Spread Strategy
DEBUG:root:Executing:Check: if_neutral_planet_available
DEBUG:root:Result: Check: if_neutral_planet_available -> Success
DEBUG:root:Executing:Action: spread
DEBUG:root:Result: Action: spread -> Failure
DEBUG:root:Result: Sequence: Spread Strategy -> Failure
DEBUG:root:Result: Selector: High Level Ordering of Strategies -> Failure
DEBUG:root:Finish turn

DEBUG:root:Executing:Selector: High Level Ordering of Strategies
DEBUG:root:Executing:Sequence: Defensive Plan
DEBUG:root:Executing:Check: is_enemy_attacking
DEBUG:root:Result: Check: is_enemy_attacking -> Success
DEBUG:root:Executing:Action: defend_planets
DEBUG:root:Result: Action: defend_planets -> Failure
DEBUG:root:Result: Sequence: Defensive Plan -> Failure
DEBUG:root:Executing:Sequence: Spread Strategy
DEBUG:root:Executing:Check: if_neutral_planet_available
DEBUG:root:Result: Check: if_neutral_planet_available -> Success
DEBUG:root:Executing:Action: spread
DEBUG:root:Order:1 16 11.0
DEBUG:root:Result: Action: spread -> Success
DEBUG:root:Result: Sequence: Spread Strategy -> Success
DEBUG:root:Result: Selector: High Level Ordering of Strategies -> Success
DEBUG:root:Finish turn

DEBUG:root:Executing:Selector: High Level Ordering of Strategies
DEBUG:root:Executing:Sequence: Defensive Plan
DEBUG:root:Executing:Check: is_enemy_attacking
DEBUG:root:Result: Check: is_enemy_attacking -> Success
DEBUG:root:Executing:Action: defend_planets
DEBUG:root:Result: Action: defend_planets -> Failure
DEBUG:root:Result: Sequence: Defensive Plan -> Failure
DEBUG:root:Executing:Sequence: Spread Strategy
DEBUG:root:Executing:Check: if_neutral_planet_available
DEBUG:root:Result: Check: if_neutral_planet_available -> Success
DEBUG:root:Executing:Action: spread
DEBUG:root:Result: Action: spread -> Failure
DEBUG:root:Result: Sequence: Spread Strategy -> Failure
DEBUG:root:Result: Selector: High Level Ordering of Strategies -> Failure
DEBUG:root:Finish turn

DEBUG:root:Executing:Selector: High Level Ordering of Strategies
DEBUG:root:Executing:Sequence: Defensive Plan
DEBUG:root:Executing:Check: is_enemy_attacking
DEBUG:root:Result: Check: is_enemy_attacking -> Success
DEBUG:root:Executing:Action: defend_planets
DEBUG:root:Result: Action: defend_planets -> Failure
DEBUG:root:Result: Sequence: Defensive Plan -> Failure
DEBUG:root:Executing:Sequence: Spread Strategy
DEBUG:root:Executing:Check: if_neutral_planet_available
DEBUG:root:Result: Check: if_neutral_planet_available -> Success
DEBUG:root:Executing:Action: spread
DEBUG:root:Order:1 16 11.0
DEBUG:root:Result: Action: spread -> Success
DEBUG:root:Result: Sequence: Spread Strategy -> Success
DEBUG:root:Result: Selector: High Level Ordering of Strategies -> Success
DEBUG:root:Finish turn

DEBUG:root:Executing:Selector: High Level Ordering of Strategies
DEBUG:root:Executing:Sequence: Defensive Plan
DEBUG:root:Executing:Check: is_enemy_attacking
DEBUG:root:Result: Check: is_enemy_attacking -> Success
DEBUG:root:Executing:Action: defend_planets
DEBUG:root:Result: Action: defend_planets -> Failure
DEBUG:root:Result: Sequence: Defensive Plan -> Failure
DEBUG:root:Executing:Sequence: Spread Strategy
DEBUG:root:Executing:Check: if_neutral_planet_available
DEBUG:root:Result: Check: if_neutral_planet_available -> Success
DEBUG:root:Executing:Action: spread
DEBUG:root:Result: Action: spread -> Failure
DEBUG:root:Result: Sequence: Spread Strategy -> Failure
DEBUG:root:Result: Selector: High Level Ordering of Strategies -> Failure
DEBUG:root:Finish turn

DEBUG:root:Executing:Selector: High Level Ordering of Strategies
DEBUG:root:Executing:Sequence: Defensive Plan
DEBUG:root:Executing:Check: is_enemy_attacking
DEBUG:root:Result: Check: is_enemy_attacking -> Success
DEBUG:root:Executing:Action: defend_planets
DEBUG:root:Result: Action: defend_planets -> Failure
DEBUG:root:Result: Sequence: Defensive Plan -> Failure
DEBUG:root:Executing:Sequence: Spread Strategy
DEBUG:root:Executing:Check: if_neutral_planet_available
DEBUG:root:Result: Check: if_neutral_planet_available -> Success
DEBUG:root:Executing:Action: spread
DEBUG:root:Result: Action: spread -> Failure
DEBUG:root:Result: Sequence: Spread Strategy -> Failure
DEBUG:root:Result: Selector: High Level Ordering of Strategies -> Failure
DEBUG:root:Finish turn

DEBUG:root:Executing:Selector: High Level Ordering of Strategies
DEBUG:root:Executing:Sequence: Defensive Plan
DEBUG:root:Executing:Check: is_enemy_attacking
DEBUG:root:Result: Check: is_enemy_attacking -> Success
DEBUG:root:Executing:Action: defend_planets
DEBUG:root:Result: Action: defend_planets -> Failure
DEBUG:root:Result: Sequence: Defensive Plan -> Failure
DEBUG:root:Executing:Sequence: Spread Strategy
DEBUG:root:Executing:Check: if_neutral_planet_available
DEBUG:root:Result: Check: if_neutral_planet_available -> Success
DEBUG:root:Executing:Action: spread
DEBUG:root:Result: Action: spread -> Failure
DEBUG:root:Result: Sequence: Spread Strategy -> Failure
DEBUG:root:Result: Selector: High Level Ordering of Strategies -> Failure
DEBUG:root:Finish turn

DEBUG:root:Executing:Selector: High Level Ordering of Strategies
DEBUG:root:Executing:Sequence: Defensive Plan
DEBUG:root:Executing:Check: is_enemy_attacking
DEBUG:root:Result: Check: is_enemy_attacking -> Success
DEBUG:root:Executing:Action: defend_planets
DEBUG:root:Order:11 10 20.0
DEBUG:root:Order:22 10 9.0
DEBUG:root:Result: Action: defend_planets -> Failure
DEBUG:root:Result: Sequence: Defensive Plan -> Failure
DEBUG:root:Executing:Sequence: Spread Strategy
DEBUG:root:Executing:Check: if_neutral_planet_available
DEBUG:root:Result: Check: if_neutral_planet_available -> Success
DEBUG:root:Executing:Action: spread
DEBUG:root:Result: Action: spread -> Failure
DEBUG:root:Result: Sequence: Spread Strategy -> Failure
DEBUG:root:Result: Selector: High Level Ordering of Strategies -> Failure
DEBUG:root:Finish turn

DEBUG:root:Executing:Selector: High Level Ordering of Strategies
DEBUG:root:Executing:Sequence: Defensive Plan
DEBUG:root:Executing:Check: is_enemy_attacking
DEBUG:root:Result: Check: is_enemy_attacking -> Success
DEBUG:root:Executing:Action: defend_planets
DEBUG:root:Result: Action: defend_planets -> Failure
DEBUG:root:Result: Sequence: Defensive Plan -> Failure
DEBUG:root:Executing:Sequence: Spread Strategy
DEBUG:root:Executing:Check: if_neutral_planet_available
DEBUG:root:Result: Check: if_neutral_planet_available -> Success
DEBUG:root:Executing:Action: spread
DEBUG:root:Result: Action: spread -> Failure
DEBUG:root:Result: Sequence: Spread Strategy -> Failure
DEBUG:root:Result: Selector: High Level Ordering of Strategies -> Failure
DEBUG:root:Finish turn

DEBUG:root:Executing:Selector: High Level Ordering of Strategies
DEBUG:root:Executing:Sequence: Defensive Plan
DEBUG:root:Executing:Check: is_enemy_attacking
DEBUG:root:Result: Check: is_enemy_attacking -> Success
DEBUG:root:Executing:Action: defend_planets
DEBUG:root:Result: Action: defend_planets -> Failure
DEBUG:root:Result: Sequence: Defensive Plan -> Failure
DEBUG:root:Executing:Sequence: Spread Strategy
DEBUG:root:Executing:Check: if_neutral_planet_available
DEBUG:root:Result: Check: if_neutral_planet_available -> Success
DEBUG:root:Executing:Action: spread
DEBUG:root:Order:1 10 19.0
DEBUG:root:Result: Action: spread -> Success
DEBUG:root:Result: Sequence: Spread Strategy -> Success
DEBUG:root:Result: Selector: High Level Ordering of Strategies -> Success
DEBUG:root:Finish turn

DEBUG:root:Executing:Selector: High Level Ordering of Strategies
DEBUG:root:Executing:Sequence: Defensive Plan
DEBUG:root:Executing:Check: is_enemy_attacking
DEBUG:root:Result: Check: is_enemy_attacking -> Success
DEBUG:root:Executing:Action: defend_planets
DEBUG:root:Result: Action: defend_planets -> Failure
DEBUG:root:Result: Sequence: Defensive Plan -> Failure
DEBUG:root:Executing:Sequence: Spread Strategy
DEBUG:root:Executing:Check: if_neutral_planet_available
DEBUG:root:Result: Check: if_neutral_planet_available -> Success
DEBUG:root:Executing:Action: spread
DEBUG:root:Result: Action: spread -> Failure
DEBUG:root:Result: Sequence: Spread Strategy -> Failure
DEBUG:root:Result: Selector: High Level Ordering of Strategies -> Failure
DEBUG:root:Finish turn

DEBUG:root:Executing:Selector: High Level Ordering of Strategies
DEBUG:root:Executing:Sequence: Defensive Plan
DEBUG:root:Executing:Check: is_enemy_attacking
DEBUG:root:Result: Check: is_enemy_attacking -> Success
DEBUG:root:Executing:Action: defend_planets
DEBUG:root:Order:11 15 8.0
DEBUG:root:Order:15 15 5.0
DEBUG:root:Order:22 15 9.0
DEBUG:root:Result: Action: defend_planets -> Failure
DEBUG:root:Result: Sequence: Defensive Plan -> Failure
DEBUG:root:Executing:Sequence: Spread Strategy
DEBUG:root:Executing:Check: if_neutral_planet_available
DEBUG:root:Result: Check: if_neutral_planet_available -> Success
DEBUG:root:Executing:Action: spread
DEBUG:root:Result: Action: spread -> Failure
DEBUG:root:Result: Sequence: Spread Strategy -> Failure
DEBUG:root:Result: Selector: High Level Ordering of Strategies -> Failure
DEBUG:root:Finish turn

DEBUG:root:Executing:Selector: High Level Ordering of Strategies
DEBUG:root:Executing:Sequence: Defensive Plan
DEBUG:root:Executing:Check: is_enemy_attacking
DEBUG:root:Result: Check: is_enemy_attacking -> Success
DEBUG:root:Executing:Action: defend_planets
DEBUG:root:Result: Action: defend_planets -> Failure
DEBUG:root:Result: Sequence: Defensive Plan -> Failure
DEBUG:root:Executing:Sequence: Spread Strategy
DEBUG:root:Executing:Check: if_neutral_planet_available
DEBUG:root:Result: Check: if_neutral_planet_available -> Success
DEBUG:root:Executing:Action: spread
DEBUG:root:Order:1 10 19.0
DEBUG:root:Result: Action: spread -> Success
DEBUG:root:Result: Sequence: Spread Strategy -> Success
DEBUG:root:Result: Selector: High Level Ordering of Strategies -> Success
DEBUG:root:Finish turn

DEBUG:root:Executing:Selector: High Level Ordering of Strategies
DEBUG:root:Executing:Sequence: Defensive Plan
DEBUG:root:Executing:Check: is_enemy_attacking
DEBUG:root:Result: Check: is_enemy_attacking -> Success
DEBUG:root:Executing:Action: defend_planets
DEBUG:root:Order:11 15 4.0
DEBUG:root:Order:15 15 7.0
DEBUG:root:Order:22 15 8.0
DEBUG:root:Result: Action: defend_planets -> Failure
DEBUG:root:Result: Sequence: Defensive Plan -> Failure
DEBUG:root:Executing:Sequence: Spread Strategy
DEBUG:root:Executing:Check: if_neutral_planet_available
DEBUG:root:Result: Check: if_neutral_planet_available -> Success
DEBUG:root:Executing:Action: spread
DEBUG:root:Result: Action: spread -> Failure
DEBUG:root:Result: Sequence: Spread Strategy -> Failure
DEBUG:root:Result: Selector: High Level Ordering of Strategies -> Failure
DEBUG:root:Finish turn

DEBUG:root:Executing:Selector: High Level Ordering of Strategies
DEBUG:root:Executing:Sequence: Defensive Plan
DEBUG:root:Executing:Check: is_enemy_attacking
DEBUG:root:Result: Check: is_enemy_attacking -> Success
DEBUG:root:Executing:Action: defend_planets
DEBUG:root:Result: Action: defend_planets -> Failure
DEBUG:root:Result: Sequence: Defensive Plan -> Failure
DEBUG:root:Executing:Sequence: Spread Strategy
DEBUG:root:Executing:Check: if_neutral_planet_available
DEBUG:root:Result: Check: if_neutral_planet_available -> Success
DEBUG:root:Executing:Action: spread
DEBUG:root:Result: Action: spread -> Failure
DEBUG:root:Result: Sequence: Spread Strategy -> Failure
DEBUG:root:Result: Selector: High Level Ordering of Strategies -> Failure
DEBUG:root:Finish turn

DEBUG:root:Executing:Selector: High Level Ordering of Strategies
DEBUG:root:Executing:Sequence: Defensive Plan
DEBUG:root:Executing:Check: is_enemy_attacking
DEBUG:root:Result: Check: is_enemy_attacking -> Success
DEBUG:root:Executing:Action: defend_planets
DEBUG:root:Order:11 15 4.0
DEBUG:root:Order:15 15 18.0
DEBUG:root:Result: Action: defend_planets -> Failure
DEBUG:root:Result: Sequence: Defensive Plan -> Failure
DEBUG:root:Executing:Sequence: Spread Strategy
DEBUG:root:Executing:Check: if_neutral_planet_available
DEBUG:root:Result: Check: if_neutral_planet_available -> Success
DEBUG:root:Executing:Action: spread
DEBUG:root:Result: Action: spread -> Failure
DEBUG:root:Result: Sequence: Spread Strategy -> Failure
DEBUG:root:Result: Selector: High Level Ordering of Strategies -> Failure
DEBUG:root:Finish turn

DEBUG:root:Executing:Selector: High Level Ordering of Strategies
DEBUG:root:Executing:Sequence: Defensive Plan
DEBUG:root:Executing:Check: is_enemy_attacking
DEBUG:root:Result: Check: is_enemy_attacking -> Success
DEBUG:root:Executing:Action: defend_planets
DEBUG:root:Order:11 15 2.0
DEBUG:root:Order:15 15 20.0
DEBUG:root:Result: Action: defend_planets -> Failure
DEBUG:root:Result: Sequence: Defensive Plan -> Failure
DEBUG:root:Executing:Sequence: Spread Strategy
DEBUG:root:Executing:Check: if_neutral_planet_available
DEBUG:root:Result: Check: if_neutral_planet_available -> Success
DEBUG:root:Executing:Action: spread
DEBUG:root:Result: Action: spread -> Failure
DEBUG:root:Result: Sequence: Spread Strategy -> Failure
DEBUG:root:Result: Selector: High Level Ordering of Strategies -> Failure
DEBUG:root:Finish turn

DEBUG:root:Executing:Selector: High Level Ordering of Strategies
DEBUG:root:Executing:Sequence: Defensive Plan
DEBUG:root:Executing:Check: is_enemy_attacking
DEBUG:root:Result: Check: is_enemy_attacking -> Success
DEBUG:root:Executing:Action: defend_planets
DEBUG:root:Order:15 15 22.0
DEBUG:root:Order:10 22 13.0
DEBUG:root:Order:22 22 8.0
DEBUG:root:Result: Action: defend_planets -> Failure
DEBUG:root:Result: Sequence: Defensive Plan -> Failure
DEBUG:root:Executing:Sequence: Spread Strategy
DEBUG:root:Executing:Check: if_neutral_planet_available
DEBUG:root:Result: Check: if_neutral_planet_available -> Success
DEBUG:root:Executing:Action: spread
DEBUG:root:Result: Action: spread -> Failure
DEBUG:root:Result: Sequence: Spread Strategy -> Failure
DEBUG:root:Result: Selector: High Level Ordering of Strategies -> Failure
DEBUG:root:Finish turn

DEBUG:root:Executing:Selector: High Level Ordering of Strategies
DEBUG:root:Executing:Sequence: Defensive Plan
DEBUG:root:Executing:Check: is_enemy_attacking
DEBUG:root:Result: Check: is_enemy_attacking -> Success
DEBUG:root:Executing:Action: defend_planets
DEBUG:root:Order:15 15 22
DEBUG:root:Result: Action: defend_planets -> Failure
DEBUG:root:Result: Sequence: Defensive Plan -> Failure
DEBUG:root:Executing:Sequence: Spread Strategy
DEBUG:root:Executing:Check: if_neutral_planet_available
DEBUG:root:Result: Check: if_neutral_planet_available -> Success
DEBUG:root:Executing:Action: spread
DEBUG:root:Result: Action: spread -> Failure
DEBUG:root:Result: Sequence: Spread Strategy -> Failure
DEBUG:root:Result: Selector: High Level Ordering of Strategies -> Failure
DEBUG:root:Finish turn

DEBUG:root:Executing:Selector: High Level Ordering of Strategies
DEBUG:root:Executing:Sequence: Defensive Plan
DEBUG:root:Executing:Check: is_enemy_attacking
DEBUG:root:Result: Check: is_enemy_attacking -> Success
DEBUG:root:Executing:Action: defend_planets
DEBUG:root:Order:15 15 22
DEBUG:root:Order:22 22 23
DEBUG:root:Result: Action: defend_planets -> Failure
DEBUG:root:Result: Sequence: Defensive Plan -> Failure
DEBUG:root:Executing:Sequence: Spread Strategy
DEBUG:root:Executing:Check: if_neutral_planet_available
DEBUG:root:Result: Check: if_neutral_planet_available -> Success
DEBUG:root:Executing:Action: spread
DEBUG:root:Order:1 19 28.0
DEBUG:root:Order:1 20 28.0
DEBUG:root:Result: Action: spread -> Success
DEBUG:root:Result: Sequence: Spread Strategy -> Success
DEBUG:root:Result: Selector: High Level Ordering of Strategies -> Success
DEBUG:root:Finish turn

DEBUG:root:Executing:Selector: High Level Ordering of Strategies
DEBUG:root:Executing:Sequence: Defensive Plan
DEBUG:root:Executing:Check: is_enemy_attacking
DEBUG:root:Result: Check: is_enemy_attacking -> Success
DEBUG:root:Executing:Action: defend_planets
DEBUG:root:Order:15 15 22
DEBUG:root:Order:22 22 23
DEBUG:root:Result: Action: defend_planets -> Failure
DEBUG:root:Result: Sequence: Defensive Plan -> Failure
DEBUG:root:Executing:Sequence: Spread Strategy
DEBUG:root:Executing:Check: if_neutral_planet_available
DEBUG:root:Result: Check: if_neutral_planet_available -> Success
DEBUG:root:Executing:Action: spread
DEBUG:root:Result: Action: spread -> Failure
DEBUG:root:Result: Sequence: Spread Strategy -> Failure
DEBUG:root:Result: Selector: High Level Ordering of Strategies -> Failure
DEBUG:root:Finish turn

DEBUG:root:Executing:Selector: High Level Ordering of Strategies
DEBUG:root:Executing:Sequence: Defensive Plan
DEBUG:root:Executing:Check: is_enemy_attacking
DEBUG:root:Result: Check: is_enemy_attacking -> Success
DEBUG:root:Executing:Action: defend_planets
DEBUG:root:Order:15 15 22
DEBUG:root:Order:22 22 23
DEBUG:root:Result: Action: defend_planets -> Failure
DEBUG:root:Result: Sequence: Defensive Plan -> Failure
DEBUG:root:Executing:Sequence: Spread Strategy
DEBUG:root:Executing:Check: if_neutral_planet_available
DEBUG:root:Result: Check: if_neutral_planet_available -> Success
DEBUG:root:Executing:Action: spread
DEBUG:root:Result: Action: spread -> Failure
DEBUG:root:Result: Sequence: Spread Strategy -> Failure
DEBUG:root:Result: Selector: High Level Ordering of Strategies -> Failure
DEBUG:root:Finish turn

DEBUG:root:Executing:Selector: High Level Ordering of Strategies
DEBUG:root:Executing:Sequence: Defensive Plan
DEBUG:root:Executing:Check: is_enemy_attacking
DEBUG:root:Result: Check: is_enemy_attacking -> Success
DEBUG:root:Executing:Action: defend_planets
DEBUG:root:Order:15 15 22
DEBUG:root:Order:22 22 23
DEBUG:root:Result: Action: defend_planets -> Failure
DEBUG:root:Result: Sequence: Defensive Plan -> Failure
DEBUG:root:Executing:Sequence: Spread Strategy
DEBUG:root:Executing:Check: if_neutral_planet_available
DEBUG:root:Result: Check: if_neutral_planet_available -> Success
DEBUG:root:Executing:Action: spread
DEBUG:root:Result: Action: spread -> Failure
DEBUG:root:Result: Sequence: Spread Strategy -> Failure
DEBUG:root:Result: Selector: High Level Ordering of Strategies -> Failure
DEBUG:root:Finish turn

DEBUG:root:Executing:Selector: High Level Ordering of Strategies
DEBUG:root:Executing:Sequence: Defensive Plan
DEBUG:root:Executing:Check: is_enemy_attacking
DEBUG:root:Result: Check: is_enemy_attacking -> Success
DEBUG:root:Executing:Action: defend_planets
DEBUG:root:Order:15 15 22
DEBUG:root:Order:1 19 20.0
DEBUG:root:Order:12 19 9.0
DEBUG:root:Result: Action: defend_planets -> Failure
DEBUG:root:Result: Sequence: Defensive Plan -> Failure
DEBUG:root:Executing:Sequence: Spread Strategy
DEBUG:root:Executing:Check: if_neutral_planet_available
DEBUG:root:Result: Check: if_neutral_planet_available -> Success
DEBUG:root:Executing:Action: spread
DEBUG:root:Result: Action: spread -> Failure
DEBUG:root:Result: Sequence: Spread Strategy -> Failure
DEBUG:root:Result: Selector: High Level Ordering of Strategies -> Failure
DEBUG:root:Finish turn

DEBUG:root:Executing:Selector: High Level Ordering of Strategies
DEBUG:root:Executing:Sequence: Defensive Plan
DEBUG:root:Executing:Check: is_enemy_attacking
DEBUG:root:Result: Check: is_enemy_attacking -> Success
DEBUG:root:Executing:Action: defend_planets
DEBUG:root:Order:15 15 22
DEBUG:root:Order:1 19 5.0
DEBUG:root:Order:12 19 24.0
DEBUG:root:Result: Action: defend_planets -> Failure
DEBUG:root:Result: Sequence: Defensive Plan -> Failure
DEBUG:root:Executing:Sequence: Spread Strategy
DEBUG:root:Executing:Check: if_neutral_planet_available
DEBUG:root:Result: Check: if_neutral_planet_available -> Success
DEBUG:root:Executing:Action: spread
DEBUG:root:Result: Action: spread -> Failure
DEBUG:root:Result: Sequence: Spread Strategy -> Failure
DEBUG:root:Result: Selector: High Level Ordering of Strategies -> Failure
DEBUG:root:Finish turn

DEBUG:root:Executing:Selector: High Level Ordering of Strategies
DEBUG:root:Executing:Sequence: Defensive Plan
DEBUG:root:Executing:Check: is_enemy_attacking
DEBUG:root:Result: Check: is_enemy_attacking -> Success
DEBUG:root:Executing:Action: defend_planets
DEBUG:root:Order:1 19 5.0
DEBUG:root:Order:12 19 23.0
DEBUG:root:Order:19 19 1.0
DEBUG:root:Order:15 14 41
DEBUG:root:Result: Action: defend_planets -> Failure
DEBUG:root:Result: Sequence: Defensive Plan -> Failure
DEBUG:root:Executing:Sequence: Spread Strategy
DEBUG:root:Executing:Check: if_neutral_planet_available
DEBUG:root:Result: Check: if_neutral_planet_available -> Success
DEBUG:root:Executing:Action: spread
DEBUG:root:Result: Action: spread -> Failure
DEBUG:root:Result: Sequence: Spread Strategy -> Failure
DEBUG:root:Result: Selector: High Level Ordering of Strategies -> Failure
DEBUG:root:Finish turn

DEBUG:root:Executing:Selector: High Level Ordering of Strategies
DEBUG:root:Executing:Sequence: Defensive Plan
DEBUG:root:Executing:Check: is_enemy_attacking
DEBUG:root:Result: Check: is_enemy_attacking -> Success
DEBUG:root:Executing:Action: defend_planets
DEBUG:root:Result: Action: defend_planets -> Failure
DEBUG:root:Result: Sequence: Defensive Plan -> Failure
DEBUG:root:Executing:Sequence: Spread Strategy
DEBUG:root:Executing:Check: if_neutral_planet_available
DEBUG:root:Result: Check: if_neutral_planet_available -> Success
DEBUG:root:Executing:Action: spread
DEBUG:root:Result: Action: spread -> Failure
DEBUG:root:Result: Sequence: Spread Strategy -> Failure
DEBUG:root:Result: Selector: High Level Ordering of Strategies -> Failure
DEBUG:root:Finish turn

DEBUG:root:Executing:Selector: High Level Ordering of Strategies
DEBUG:root:Executing:Sequence: Defensive Plan
DEBUG:root:Executing:Check: is_enemy_attacking
DEBUG:root:Result: Check: is_enemy_attacking -> Success
DEBUG:root:Executing:Action: defend_planets
DEBUG:root:Order:15 15 5.0
DEBUG:root:Order:22 15 18.0
DEBUG:root:Result: Action: defend_planets -> Failure
DEBUG:root:Result: Sequence: Defensive Plan -> Failure
DEBUG:root:Executing:Sequence: Spread Strategy
DEBUG:root:Executing:Check: if_neutral_planet_available
DEBUG:root:Result: Check: if_neutral_planet_available -> Success
DEBUG:root:Executing:Action: spread
DEBUG:root:Order:16 20 28.0
DEBUG:root:Result: Action: spread -> Success
DEBUG:root:Result: Sequence: Spread Strategy -> Success
DEBUG:root:Result: Selector: High Level Ordering of Strategies -> Success
DEBUG:root:Finish turn

DEBUG:root:Executing:Selector: High Level Ordering of Strategies
DEBUG:root:Executing:Sequence: Defensive Plan
DEBUG:root:Executing:Check: is_enemy_attacking
DEBUG:root:Result: Check: is_enemy_attacking -> Success
DEBUG:root:Executing:Action: defend_planets
DEBUG:root:Order:1 19 15.0
DEBUG:root:Order:19 19 14.0
DEBUG:root:Result: Action: defend_planets -> Failure
DEBUG:root:Result: Sequence: Defensive Plan -> Failure
DEBUG:root:Executing:Sequence: Spread Strategy
DEBUG:root:Executing:Check: if_neutral_planet_available
DEBUG:root:Result: Check: if_neutral_planet_available -> Success
DEBUG:root:Executing:Action: spread
DEBUG:root:Result: Action: spread -> Failure
DEBUG:root:Result: Sequence: Spread Strategy -> Failure
DEBUG:root:Result: Selector: High Level Ordering of Strategies -> Failure
DEBUG:root:Finish turn

DEBUG:root:Executing:Selector: High Level Ordering of Strategies
DEBUG:root:Executing:Sequence: Defensive Plan
DEBUG:root:Executing:Check: is_enemy_attacking
DEBUG:root:Result: Check: is_enemy_attacking -> Success
DEBUG:root:Executing:Action: defend_planets
DEBUG:root:Result: Action: defend_planets -> Failure
DEBUG:root:Result: Sequence: Defensive Plan -> Failure
DEBUG:root:Executing:Sequence: Spread Strategy
DEBUG:root:Executing:Check: if_neutral_planet_available
DEBUG:root:Result: Check: if_neutral_planet_available -> Success
DEBUG:root:Executing:Action: spread
DEBUG:root:Result: Action: spread -> Failure
DEBUG:root:Result: Sequence: Spread Strategy -> Failure
DEBUG:root:Result: Selector: High Level Ordering of Strategies -> Failure
DEBUG:root:Finish turn

DEBUG:root:Executing:Selector: High Level Ordering of Strategies
DEBUG:root:Executing:Sequence: Defensive Plan
DEBUG:root:Executing:Check: is_enemy_attacking
DEBUG:root:Result: Check: is_enemy_attacking -> Success
DEBUG:root:Executing:Action: defend_planets
DEBUG:root:Order:12 12 10.0
DEBUG:root:Order:19 12 19.0
DEBUG:root:Result: Action: defend_planets -> Failure
DEBUG:root:Result: Sequence: Defensive Plan -> Failure
DEBUG:root:Executing:Sequence: Spread Strategy
DEBUG:root:Executing:Check: if_neutral_planet_available
DEBUG:root:Result: Check: if_neutral_planet_available -> Success
DEBUG:root:Executing:Action: spread
DEBUG:root:Result: Action: spread -> Failure
DEBUG:root:Result: Sequence: Spread Strategy -> Failure
DEBUG:root:Result: Selector: High Level Ordering of Strategies -> Failure
DEBUG:root:Finish turn

DEBUG:root:Executing:Selector: High Level Ordering of Strategies
DEBUG:root:Executing:Sequence: Defensive Plan
DEBUG:root:Executing:Check: is_enemy_attacking
DEBUG:root:Result: Check: is_enemy_attacking -> Success
DEBUG:root:Executing:Action: defend_planets
DEBUG:root:Result: Action: defend_planets -> Failure
DEBUG:root:Result: Sequence: Defensive Plan -> Failure
DEBUG:root:Executing:Sequence: Spread Strategy
DEBUG:root:Executing:Check: if_neutral_planet_available
DEBUG:root:Result: Check: if_neutral_planet_available -> Success
DEBUG:root:Executing:Action: spread
DEBUG:root:Order:19 20 38.5
DEBUG:root:Order:19 21 38.5
DEBUG:root:Order:16 21 -1.5
DEBUG:root:Bad order:19 0.0 38.5
DEBUG:root:Bad order:19 0.0 38.5
DEBUG:root:Bad order:19 0.0 38.5
DEBUG:root:Bad order:19 0.0 38.5
DEBUG:root:Bad order:19 0.0 38.5
DEBUG:root:Order:16 14 1.5
DEBUG:root:Bad order:19 0.0 38.5
DEBUG:root:Bad order:19 0.0 38.5
DEBUG:root:Bad order:19 0.0 38.5
DEBUG:root:Bad order:19 0.0 38.5
DEBUG:root:Bad order:19 0.0 38.5
DEBUG:root:Bad order:19 0.0 38.5
DEBUG:root:Bad order:19 0.0 38.5
DEBUG:root:Bad order:19 0.0 38.5
DEBUG:root:Bad order:19 0.0 38.5
DEBUG:root:Bad order:19 0.0 38.5
DEBUG:root:Result: Action: spread -> Success
